{"C:\\EVERYTHING_ANISH\\EVERYTHING_DEV_WORK\\Jira_Task_Plus\\JiraTaskPlus_Plugin\\src\\tracker\\widget\\log-controller.js": {"path":"C:\\EVERYTHING_ANISH\\EVERYTHING_DEV_WORK\\Jira_Task_Plus\\JiraTaskPlus_Plugin\\src\\tracker\\widget\\log-controller.js","statementMap":{"0":{"start":{"line":6,"column":17},"end":{"line":6,"column":21}},"1":{"start":{"line":9,"column":16},"end":{"line":9,"column":17}},"2":{"start":{"line":10,"column":19},"end":{"line":10,"column":41}},"3":{"start":{"line":11,"column":19},"end":{"line":11,"column":41}},"4":{"start":{"line":12,"column":19},"end":{"line":12,"column":41}},"5":{"start":{"line":13,"column":4},"end":{"line":13,"column":52}},"6":{"start":{"line":13,"column":16},"end":{"line":13,"column":52}},"7":{"start":{"line":14,"column":4},"end":{"line":14,"column":50}},"8":{"start":{"line":14,"column":16},"end":{"line":14,"column":50}},"9":{"start":{"line":15,"column":4},"end":{"line":15,"column":45}},"10":{"start":{"line":15,"column":16},"end":{"line":15,"column":45}},"11":{"start":{"line":16,"column":4},"end":{"line":19,"column":5}},"12":{"start":{"line":17,"column":18},"end":{"line":17,"column":31}},"13":{"start":{"line":18,"column":6},"end":{"line":18,"column":40}},"14":{"start":{"line":18,"column":23},"end":{"line":18,"column":40}},"15":{"start":{"line":20,"column":4},"end":{"line":20,"column":17}},"16":{"start":{"line":23,"column":31},"end":{"line":23,"column":47}},"17":{"start":{"line":24,"column":27},"end":{"line":24,"column":43}},"18":{"start":{"line":27,"column":4},"end":{"line":31,"column":5}},"19":{"start":{"line":28,"column":6},"end":{"line":28,"column":59}},"20":{"start":{"line":29,"column":6},"end":{"line":29,"column":52}},"21":{"start":{"line":30,"column":6},"end":{"line":30,"column":13}},"22":{"start":{"line":33,"column":4},"end":{"line":33,"column":32}},"23":{"start":{"line":34,"column":4},"end":{"line":34,"column":42}},"24":{"start":{"line":35,"column":4},"end":{"line":35,"column":44}},"25":{"start":{"line":37,"column":4},"end":{"line":80,"column":5}},"26":{"start":{"line":38,"column":26},"end":{"line":38,"column":60}},"27":{"start":{"line":39,"column":6},"end":{"line":39,"column":54}},"28":{"start":{"line":39,"column":28},"end":{"line":39,"column":54}},"29":{"start":{"line":41,"column":24},"end":{"line":41,"column":52}},"30":{"start":{"line":42,"column":22},"end":{"line":42,"column":59}},"31":{"start":{"line":43,"column":22},"end":{"line":43,"column":60}},"32":{"start":{"line":45,"column":23},"end":{"line":45,"column":45}},"33":{"start":{"line":46,"column":28},"end":{"line":49,"column":8}},"34":{"start":{"line":50,"column":22},"end":{"line":50,"column":40}},"35":{"start":{"line":51,"column":6},"end":{"line":51,"column":51}},"36":{"start":{"line":51,"column":20},"end":{"line":51,"column":51}},"37":{"start":{"line":53,"column":23},"end":{"line":66,"column":8}},"38":{"start":{"line":54,"column":8},"end":{"line":65,"column":14}},"39":{"start":{"line":68,"column":6},"end":{"line":68,"column":82}},"40":{"start":{"line":68,"column":37},"end":{"line":68,"column":82}},"41":{"start":{"line":70,"column":6},"end":{"line":70,"column":52}},"42":{"start":{"line":71,"column":6},"end":{"line":71,"column":54}},"43":{"start":{"line":72,"column":6},"end":{"line":72,"column":22}},"44":{"start":{"line":73,"column":6},"end":{"line":73,"column":35}},"45":{"start":{"line":74,"column":6},"end":{"line":74,"column":22}},"46":{"start":{"line":76,"column":6},"end":{"line":76,"column":57}},"47":{"start":{"line":77,"column":6},"end":{"line":77,"column":52}},"48":{"start":{"line":79,"column":6},"end":{"line":79,"column":35}},"49":{"start":{"line":84,"column":4},"end":{"line":84,"column":20}},"50":{"start":{"line":85,"column":4},"end":{"line":85,"column":33}},"51":{"start":{"line":89,"column":4},"end":{"line":89,"column":36}},"52":{"start":{"line":89,"column":29},"end":{"line":89,"column":36}},"53":{"start":{"line":90,"column":4},"end":{"line":95,"column":7}},"54":{"start":{"line":91,"column":24},"end":{"line":91,"column":129}},"55":{"start":{"line":92,"column":6},"end":{"line":92,"column":156}},"56":{"start":{"line":93,"column":6},"end":{"line":93,"column":92}},"57":{"start":{"line":93,"column":42},"end":{"line":93,"column":92}},"58":{"start":{"line":94,"column":6},"end":{"line":94,"column":63}},"59":{"start":{"line":98,"column":2},"end":{"line":98,"column":58}}},"fnMap":{"0":{"name":"createLogController","decl":{"start":{"line":5,"column":16},"end":{"line":5,"column":35}},"loc":{"start":{"line":5,"column":71},"end":{"line":99,"column":1}},"line":5},"1":{"name":"parseTimeInput","decl":{"start":{"line":8,"column":11},"end":{"line":8,"column":25}},"loc":{"start":{"line":8,"column":31},"end":{"line":21,"column":3}},"line":8},"2":{"name":"setStopData","decl":{"start":{"line":23,"column":11},"end":{"line":23,"column":22}},"loc":{"start":{"line":23,"column":29},"end":{"line":23,"column":49}},"line":23},"3":{"name":"getStopData","decl":{"start":{"line":24,"column":11},"end":{"line":24,"column":22}},"loc":{"start":{"line":24,"column":25},"end":{"line":24,"column":45}},"line":24},"4":{"name":"submitLog","decl":{"start":{"line":26,"column":17},"end":{"line":26,"column":26}},"loc":{"start":{"line":26,"column":29},"end":{"line":81,"column":3}},"line":26},"5":{"name":"(anonymous_5)","decl":{"start":{"line":53,"column":41},"end":{"line":53,"column":42}},"loc":{"start":{"line":53,"column":46},"end":{"line":66,"column":7}},"line":53},"6":{"name":"discard","decl":{"start":{"line":83,"column":11},"end":{"line":83,"column":18}},"loc":{"start":{"line":83,"column":21},"end":{"line":86,"column":3}},"line":83},"7":{"name":"trackTimerLog","decl":{"start":{"line":88,"column":11},"end":{"line":88,"column":24}},"loc":{"start":{"line":88,"column":27},"end":{"line":96,"column":3}},"line":88},"8":{"name":"(anonymous_8)","decl":{"start":{"line":90,"column":46},"end":{"line":90,"column":47}},"loc":{"start":{"line":90,"column":58},"end":{"line":95,"column":5}},"line":90}},"branchMap":{"0":{"loc":{"start":{"line":13,"column":4},"end":{"line":13,"column":52}},"type":"if","locations":[{"start":{"line":13,"column":4},"end":{"line":13,"column":52}},{"start":{},"end":{}}],"line":13},"1":{"loc":{"start":{"line":14,"column":4},"end":{"line":14,"column":50}},"type":"if","locations":[{"start":{"line":14,"column":4},"end":{"line":14,"column":50}},{"start":{},"end":{}}],"line":14},"2":{"loc":{"start":{"line":15,"column":4},"end":{"line":15,"column":45}},"type":"if","locations":[{"start":{"line":15,"column":4},"end":{"line":15,"column":45}},{"start":{},"end":{}}],"line":15},"3":{"loc":{"start":{"line":16,"column":4},"end":{"line":19,"column":5}},"type":"if","locations":[{"start":{"line":16,"column":4},"end":{"line":19,"column":5}},{"start":{},"end":{}}],"line":16},"4":{"loc":{"start":{"line":16,"column":8},"end":{"line":16,"column":37}},"type":"binary-expr","locations":[{"start":{"line":16,"column":8},"end":{"line":16,"column":15}},{"start":{"line":16,"column":19},"end":{"line":16,"column":26}},{"start":{"line":16,"column":30},"end":{"line":16,"column":37}}],"line":16},"5":{"loc":{"start":{"line":18,"column":6},"end":{"line":18,"column":40}},"type":"if","locations":[{"start":{"line":18,"column":6},"end":{"line":18,"column":40}},{"start":{},"end":{}}],"line":18},"6":{"loc":{"start":{"line":27,"column":4},"end":{"line":31,"column":5}},"type":"if","locations":[{"start":{"line":27,"column":4},"end":{"line":31,"column":5}},{"start":{},"end":{}}],"line":27},"7":{"loc":{"start":{"line":27,"column":8},"end":{"line":27,"column":32}},"type":"binary-expr","locations":[{"start":{"line":27,"column":8},"end":{"line":27,"column":17}},{"start":{"line":27,"column":21},"end":{"line":27,"column":32}}],"line":27},"8":{"loc":{"start":{"line":39,"column":6},"end":{"line":39,"column":54}},"type":"if","locations":[{"start":{"line":39,"column":6},"end":{"line":39,"column":54}},{"start":{},"end":{}}],"line":39},"9":{"loc":{"start":{"line":51,"column":6},"end":{"line":51,"column":51}},"type":"if","locations":[{"start":{"line":51,"column":6},"end":{"line":51,"column":51}},{"start":{},"end":{}}],"line":51},"10":{"loc":{"start":{"line":62,"column":25},"end":{"line":62,"column":49}},"type":"binary-expr","locations":[{"start":{"line":62,"column":25},"end":{"line":62,"column":43}},{"start":{"line":62,"column":47},"end":{"line":62,"column":49}}],"line":62},"11":{"loc":{"start":{"line":68,"column":6},"end":{"line":68,"column":82}},"type":"if","locations":[{"start":{"line":68,"column":6},"end":{"line":68,"column":82}},{"start":{},"end":{}}],"line":68},"12":{"loc":{"start":{"line":68,"column":10},"end":{"line":68,"column":35}},"type":"binary-expr","locations":[{"start":{"line":68,"column":10},"end":{"line":68,"column":19}},{"start":{"line":68,"column":23},"end":{"line":68,"column":35}}],"line":68},"13":{"loc":{"start":{"line":68,"column":53},"end":{"line":68,"column":80}},"type":"binary-expr","locations":[{"start":{"line":68,"column":53},"end":{"line":68,"column":68}},{"start":{"line":68,"column":72},"end":{"line":68,"column":80}}],"line":68},"14":{"loc":{"start":{"line":89,"column":4},"end":{"line":89,"column":36}},"type":"if","locations":[{"start":{"line":89,"column":4},"end":{"line":89,"column":36}},{"start":{},"end":{}}],"line":89},"15":{"loc":{"start":{"line":91,"column":24},"end":{"line":91,"column":129}},"type":"binary-expr","locations":[{"start":{"line":91,"column":24},"end":{"line":91,"column":47}},{"start":{"line":91,"column":51},"end":{"line":91,"column":129}}],"line":91},"16":{"loc":{"start":{"line":92,"column":96},"end":{"line":92,"column":135}},"type":"binary-expr","locations":[{"start":{"line":92,"column":96},"end":{"line":92,"column":129}},{"start":{"line":92,"column":133},"end":{"line":92,"column":135}}],"line":92},"17":{"loc":{"start":{"line":93,"column":6},"end":{"line":93,"column":92}},"type":"if","locations":[{"start":{"line":93,"column":6},"end":{"line":93,"column":92}},{"start":{},"end":{}}],"line":93}},"s":{"0":6,"1":1,"2":1,"3":1,"4":1,"5":1,"6":0,"7":1,"8":1,"9":1,"10":0,"11":1,"12":0,"13":0,"14":0,"15":1,"16":4,"17":1,"18":3,"19":2,"20":2,"21":2,"22":1,"23":1,"24":1,"25":1,"26":1,"27":1,"28":1,"29":0,"30":0,"31":0,"32":0,"33":0,"34":0,"35":0,"36":0,"37":0,"38":0,"39":0,"40":0,"41":0,"42":0,"43":0,"44":0,"45":0,"46":1,"47":1,"48":1,"49":1,"50":1,"51":0,"52":0,"53":0,"54":0,"55":0,"56":0,"57":0,"58":0,"59":6},"f":{"0":6,"1":1,"2":4,"3":1,"4":3,"5":0,"6":1,"7":0,"8":0},"b":{"0":[0,1],"1":[1,0],"2":[0,1],"3":[0,1],"4":[1,1,0],"5":[0,0],"6":[2,1],"7":[3,2],"8":[1,0],"9":[0,0],"10":[0,0],"11":[0,0],"12":[0,0],"13":[0,0],"14":[0,0],"15":[0,0],"16":[0,0],"17":[0,0]},"_coverageSchema":"1a1c01bbd47fc00a2c39e90264f33305004495a9","hash":"4f266ff5b3535c7861dbc2e993210025791abe75"}
,"C:\\EVERYTHING_ANISH\\EVERYTHING_DEV_WORK\\Jira_Task_Plus\\JiraTaskPlus_Plugin\\src\\tracker\\widget\\meeting-controller.js": {"path":"C:\\EVERYTHING_ANISH\\EVERYTHING_DEV_WORK\\Jira_Task_Plus\\JiraTaskPlus_Plugin\\src\\tracker\\widget\\meeting-controller.js","statementMap":{"0":{"start":{"line":7,"column":29},"end":{"line":7,"column":33}},"1":{"start":{"line":8,"column":24},"end":{"line":8,"column":26}},"2":{"start":{"line":9,"column":21},"end":{"line":9,"column":22}},"3":{"start":{"line":10,"column":26},"end":{"line":10,"column":35}},"4":{"start":{"line":11,"column":27},"end":{"line":11,"column":31}},"5":{"start":{"line":12,"column":19},"end":{"line":12,"column":54}},"6":{"start":{"line":15,"column":4},"end":{"line":20,"column":7}},"7":{"start":{"line":16,"column":6},"end":{"line":19,"column":9}},"8":{"start":{"line":17,"column":8},"end":{"line":17,"column":88}},"9":{"start":{"line":18,"column":8},"end":{"line":18,"column":22}},"10":{"start":{"line":24,"column":21},"end":{"line":24,"column":47}},"11":{"start":{"line":25,"column":4},"end":{"line":25,"column":56}},"12":{"start":{"line":25,"column":43},"end":{"line":25,"column":56}},"13":{"start":{"line":27,"column":20},"end":{"line":27,"column":66}},"14":{"start":{"line":28,"column":22},"end":{"line":28,"column":48}},"15":{"start":{"line":29,"column":4},"end":{"line":29,"column":79}},"16":{"start":{"line":29,"column":29},"end":{"line":29,"column":63}},"17":{"start":{"line":29,"column":66},"end":{"line":29,"column":79}},"18":{"start":{"line":31,"column":4},"end":{"line":31,"column":16}},"19":{"start":{"line":35,"column":4},"end":{"line":35,"column":37}},"20":{"start":{"line":35,"column":30},"end":{"line":35,"column":37}},"21":{"start":{"line":36,"column":4},"end":{"line":39,"column":7}},"22":{"start":{"line":37,"column":6},"end":{"line":37,"column":22}},"23":{"start":{"line":38,"column":6},"end":{"line":38,"column":63}},"24":{"start":{"line":43,"column":4},"end":{"line":43,"column":99}},"25":{"start":{"line":43,"column":32},"end":{"line":43,"column":68}},"26":{"start":{"line":43,"column":69},"end":{"line":43,"column":97}},"27":{"start":{"line":47,"column":16},"end":{"line":47,"column":26}},"28":{"start":{"line":48,"column":4},"end":{"line":65,"column":5}},"29":{"start":{"line":49,"column":6},"end":{"line":49,"column":35}},"30":{"start":{"line":50,"column":25},"end":{"line":50,"column":97}},"31":{"start":{"line":51,"column":23},"end":{"line":51,"column":107}},"32":{"start":{"line":52,"column":18},"end":{"line":52,"column":155}},"33":{"start":{"line":53,"column":6},"end":{"line":62,"column":9}},"34":{"start":{"line":54,"column":8},"end":{"line":54,"column":45}},"35":{"start":{"line":54,"column":38},"end":{"line":54,"column":45}},"36":{"start":{"line":55,"column":8},"end":{"line":61,"column":9}},"37":{"start":{"line":56,"column":10},"end":{"line":56,"column":49}},"38":{"start":{"line":57,"column":10},"end":{"line":57,"column":26}},"39":{"start":{"line":60,"column":10},"end":{"line":60,"column":26}},"40":{"start":{"line":64,"column":6},"end":{"line":64,"column":22}},"41":{"start":{"line":69,"column":16},"end":{"line":69,"column":26}},"42":{"start":{"line":70,"column":17},"end":{"line":70,"column":57}},"43":{"start":{"line":72,"column":17},"end":{"line":80,"column":6}},"44":{"start":{"line":73,"column":6},"end":{"line":73,"column":45}},"45":{"start":{"line":73,"column":32},"end":{"line":73,"column":45}},"46":{"start":{"line":74,"column":23},"end":{"line":74,"column":69}},"47":{"start":{"line":75,"column":21},"end":{"line":75,"column":63}},"48":{"start":{"line":76,"column":20},"end":{"line":76,"column":80}},"49":{"start":{"line":77,"column":18},"end":{"line":77,"column":72}},"50":{"start":{"line":78,"column":17},"end":{"line":78,"column":60}},"51":{"start":{"line":79,"column":6},"end":{"line":79,"column":70}},"52":{"start":{"line":82,"column":4},"end":{"line":105,"column":5}},"53":{"start":{"line":84,"column":25},"end":{"line":89,"column":8}},"54":{"start":{"line":85,"column":8},"end":{"line":85,"column":47}},"55":{"start":{"line":85,"column":34},"end":{"line":85,"column":47}},"56":{"start":{"line":86,"column":25},"end":{"line":86,"column":71}},"57":{"start":{"line":87,"column":22},"end":{"line":87,"column":82}},"58":{"start":{"line":88,"column":8},"end":{"line":88,"column":27}},"59":{"start":{"line":90,"column":6},"end":{"line":103,"column":7}},"60":{"start":{"line":91,"column":25},"end":{"line":91,"column":87}},"61":{"start":{"line":92,"column":22},"end":{"line":92,"column":82}},"62":{"start":{"line":93,"column":24},"end":{"line":93,"column":82}},"63":{"start":{"line":94,"column":26},"end":{"line":94,"column":59}},"64":{"start":{"line":95,"column":26},"end":{"line":95,"column":109}},"65":{"start":{"line":96,"column":8},"end":{"line":96,"column":104}},"66":{"start":{"line":97,"column":8},"end":{"line":97,"column":68}},"67":{"start":{"line":98,"column":8},"end":{"line":98,"column":61}},"68":{"start":{"line":99,"column":8},"end":{"line":99,"column":34}},"69":{"start":{"line":101,"column":8},"end":{"line":101,"column":53}},"70":{"start":{"line":102,"column":8},"end":{"line":102,"column":34}},"71":{"start":{"line":104,"column":6},"end":{"line":104,"column":13}},"72":{"start":{"line":107,"column":21},"end":{"line":107,"column":71}},"73":{"start":{"line":108,"column":18},"end":{"line":108,"column":78}},"74":{"start":{"line":109,"column":20},"end":{"line":109,"column":66}},"75":{"start":{"line":110,"column":22},"end":{"line":110,"column":55}},"76":{"start":{"line":111,"column":18},"end":{"line":111,"column":30}},"77":{"start":{"line":113,"column":4},"end":{"line":113,"column":30}},"78":{"start":{"line":114,"column":4},"end":{"line":114,"column":44}},"79":{"start":{"line":115,"column":4},"end":{"line":115,"column":94}},"80":{"start":{"line":116,"column":4},"end":{"line":116,"column":46}},"81":{"start":{"line":118,"column":4},"end":{"line":122,"column":5}},"82":{"start":{"line":119,"column":6},"end":{"line":119,"column":48}},"83":{"start":{"line":121,"column":6},"end":{"line":121,"column":51}},"84":{"start":{"line":126,"column":4},"end":{"line":130,"column":5}},"85":{"start":{"line":127,"column":23},"end":{"line":127,"column":101}},"86":{"start":{"line":128,"column":22},"end":{"line":128,"column":84}},"87":{"start":{"line":129,"column":6},"end":{"line":129,"column":48}},"88":{"start":{"line":131,"column":4},"end":{"line":131,"column":49}},"89":{"start":{"line":132,"column":4},"end":{"line":132,"column":30}},"90":{"start":{"line":135,"column":2},"end":{"line":135,"column":49}}},"fnMap":{"0":{"name":"createMeetingController","decl":{"start":{"line":6,"column":16},"end":{"line":6,"column":39}},"loc":{"start":{"line":6,"column":63},"end":{"line":136,"column":1}},"line":6},"1":{"name":"loadFilters","decl":{"start":{"line":14,"column":17},"end":{"line":14,"column":28}},"loc":{"start":{"line":14,"column":31},"end":{"line":21,"column":3}},"line":14},"2":{"name":"(anonymous_2)","decl":{"start":{"line":15,"column":23},"end":{"line":15,"column":24}},"loc":{"start":{"line":15,"column":28},"end":{"line":20,"column":5}},"line":15},"3":{"name":"(anonymous_3)","decl":{"start":{"line":16,"column":55},"end":{"line":16,"column":56}},"loc":{"start":{"line":16,"column":64},"end":{"line":19,"column":7}},"line":16},"4":{"name":"shouldShowEvent","decl":{"start":{"line":23,"column":11},"end":{"line":23,"column":26}},"loc":{"start":{"line":23,"column":31},"end":{"line":32,"column":3}},"line":23},"5":{"name":"(anonymous_5)","decl":{"start":{"line":29,"column":23},"end":{"line":29,"column":24}},"loc":{"start":{"line":29,"column":29},"end":{"line":29,"column":63}},"line":29},"6":{"name":"start","decl":{"start":{"line":34,"column":11},"end":{"line":34,"column":16}},"loc":{"start":{"line":34,"column":19},"end":{"line":40,"column":3}},"line":34},"7":{"name":"(anonymous_7)","decl":{"start":{"line":36,"column":23},"end":{"line":36,"column":24}},"loc":{"start":{"line":36,"column":29},"end":{"line":39,"column":5}},"line":36},"8":{"name":"stop","decl":{"start":{"line":42,"column":11},"end":{"line":42,"column":15}},"loc":{"start":{"line":42,"column":18},"end":{"line":44,"column":3}},"line":42},"9":{"name":"fetchAndCheck","decl":{"start":{"line":46,"column":11},"end":{"line":46,"column":24}},"loc":{"start":{"line":46,"column":27},"end":{"line":66,"column":3}},"line":46},"10":{"name":"(anonymous_10)","decl":{"start":{"line":53,"column":70},"end":{"line":53,"column":71}},"loc":{"start":{"line":53,"column":79},"end":{"line":62,"column":7}},"line":53},"11":{"name":"checkUpcoming","decl":{"start":{"line":68,"column":11},"end":{"line":68,"column":24}},"loc":{"start":{"line":68,"column":27},"end":{"line":123,"column":3}},"line":68},"12":{"name":"(anonymous_12)","decl":{"start":{"line":72,"column":38},"end":{"line":72,"column":39}},"loc":{"start":{"line":72,"column":44},"end":{"line":80,"column":5}},"line":72},"13":{"name":"(anonymous_13)","decl":{"start":{"line":84,"column":46},"end":{"line":84,"column":47}},"loc":{"start":{"line":84,"column":52},"end":{"line":89,"column":7}},"line":84},"14":{"name":"dismiss","decl":{"start":{"line":125,"column":11},"end":{"line":125,"column":18}},"loc":{"start":{"line":125,"column":21},"end":{"line":133,"column":3}},"line":125}},"branchMap":{"0":{"loc":{"start":{"line":17,"column":21},"end":{"line":17,"column":87}},"type":"binary-expr","locations":[{"start":{"line":17,"column":21},"end":{"line":17,"column":48}},{"start":{"line":17,"column":52},"end":{"line":17,"column":87}}],"line":17},"1":{"loc":{"start":{"line":24,"column":21},"end":{"line":24,"column":47}},"type":"binary-expr","locations":[{"start":{"line":24,"column":21},"end":{"line":24,"column":32}},{"start":{"line":24,"column":36},"end":{"line":24,"column":47}}],"line":24},"2":{"loc":{"start":{"line":25,"column":4},"end":{"line":25,"column":56}},"type":"if","locations":[{"start":{"line":25,"column":4},"end":{"line":25,"column":56}},{"start":{},"end":{}}],"line":25},"3":{"loc":{"start":{"line":25,"column":8},"end":{"line":25,"column":41}},"type":"binary-expr","locations":[{"start":{"line":25,"column":8},"end":{"line":25,"column":29}},{"start":{"line":25,"column":33},"end":{"line":25,"column":41}}],"line":25},"4":{"loc":{"start":{"line":27,"column":21},"end":{"line":27,"column":51}},"type":"binary-expr","locations":[{"start":{"line":27,"column":21},"end":{"line":27,"column":31}},{"start":{"line":27,"column":35},"end":{"line":27,"column":45}},{"start":{"line":27,"column":49},"end":{"line":27,"column":51}}],"line":27},"5":{"loc":{"start":{"line":28,"column":22},"end":{"line":28,"column":48}},"type":"binary-expr","locations":[{"start":{"line":28,"column":22},"end":{"line":28,"column":42}},{"start":{"line":28,"column":46},"end":{"line":28,"column":48}}],"line":28},"6":{"loc":{"start":{"line":29,"column":4},"end":{"line":29,"column":79}},"type":"if","locations":[{"start":{"line":29,"column":4},"end":{"line":29,"column":79}},{"start":{},"end":{}}],"line":29},"7":{"loc":{"start":{"line":35,"column":4},"end":{"line":35,"column":37}},"type":"if","locations":[{"start":{"line":35,"column":4},"end":{"line":35,"column":37}},{"start":{},"end":{}}],"line":35},"8":{"loc":{"start":{"line":43,"column":4},"end":{"line":43,"column":99}},"type":"if","locations":[{"start":{"line":43,"column":4},"end":{"line":43,"column":99}},{"start":{},"end":{}}],"line":43},"9":{"loc":{"start":{"line":48,"column":4},"end":{"line":65,"column":5}},"type":"if","locations":[{"start":{"line":48,"column":4},"end":{"line":65,"column":5}},{"start":{"line":63,"column":11},"end":{"line":65,"column":5}}],"line":48},"10":{"loc":{"start":{"line":54,"column":8},"end":{"line":54,"column":45}},"type":"if","locations":[{"start":{"line":54,"column":8},"end":{"line":54,"column":45}},{"start":{},"end":{}}],"line":54},"11":{"loc":{"start":{"line":55,"column":8},"end":{"line":61,"column":9}},"type":"if","locations":[{"start":{"line":55,"column":8},"end":{"line":61,"column":9}},{"start":{"line":58,"column":15},"end":{"line":61,"column":9}}],"line":55},"12":{"loc":{"start":{"line":56,"column":28},"end":{"line":56,"column":48}},"type":"binary-expr","locations":[{"start":{"line":56,"column":28},"end":{"line":56,"column":42}},{"start":{"line":56,"column":46},"end":{"line":56,"column":48}}],"line":56},"13":{"loc":{"start":{"line":73,"column":6},"end":{"line":73,"column":45}},"type":"if","locations":[{"start":{"line":73,"column":6},"end":{"line":73,"column":45}},{"start":{},"end":{}}],"line":73},"14":{"loc":{"start":{"line":74,"column":23},"end":{"line":74,"column":69}},"type":"binary-expr","locations":[{"start":{"line":74,"column":23},"end":{"line":74,"column":41}},{"start":{"line":74,"column":45},"end":{"line":74,"column":63}},{"start":{"line":74,"column":67},"end":{"line":74,"column":69}}],"line":74},"15":{"loc":{"start":{"line":75,"column":21},"end":{"line":75,"column":63}},"type":"binary-expr","locations":[{"start":{"line":75,"column":21},"end":{"line":75,"column":37}},{"start":{"line":75,"column":41},"end":{"line":75,"column":57}},{"start":{"line":75,"column":61},"end":{"line":75,"column":63}}],"line":75},"16":{"loc":{"start":{"line":76,"column":29},"end":{"line":76,"column":79}},"type":"cond-expr","locations":[{"start":{"line":76,"column":54},"end":{"line":76,"column":62}},{"start":{"line":76,"column":65},"end":{"line":76,"column":79}}],"line":76},"17":{"loc":{"start":{"line":77,"column":27},"end":{"line":77,"column":71}},"type":"cond-expr","locations":[{"start":{"line":77,"column":50},"end":{"line":77,"column":56}},{"start":{"line":77,"column":59},"end":{"line":77,"column":71}}],"line":77},"18":{"loc":{"start":{"line":78,"column":18},"end":{"line":78,"column":48}},"type":"binary-expr","locations":[{"start":{"line":78,"column":18},"end":{"line":78,"column":28}},{"start":{"line":78,"column":32},"end":{"line":78,"column":42}},{"start":{"line":78,"column":46},"end":{"line":78,"column":48}}],"line":78},"19":{"loc":{"start":{"line":79,"column":13},"end":{"line":79,"column":69}},"type":"binary-expr","locations":[{"start":{"line":79,"column":13},"end":{"line":79,"column":22}},{"start":{"line":79,"column":26},"end":{"line":79,"column":39}},{"start":{"line":79,"column":43},"end":{"line":79,"column":69}}],"line":79},"20":{"loc":{"start":{"line":82,"column":4},"end":{"line":105,"column":5}},"type":"if","locations":[{"start":{"line":82,"column":4},"end":{"line":105,"column":5}},{"start":{},"end":{}}],"line":82},"21":{"loc":{"start":{"line":85,"column":8},"end":{"line":85,"column":47}},"type":"if","locations":[{"start":{"line":85,"column":8},"end":{"line":85,"column":47}},{"start":{},"end":{}}],"line":85},"22":{"loc":{"start":{"line":86,"column":25},"end":{"line":86,"column":71}},"type":"binary-expr","locations":[{"start":{"line":86,"column":25},"end":{"line":86,"column":43}},{"start":{"line":86,"column":47},"end":{"line":86,"column":65}},{"start":{"line":86,"column":69},"end":{"line":86,"column":71}}],"line":86},"23":{"loc":{"start":{"line":87,"column":31},"end":{"line":87,"column":81}},"type":"cond-expr","locations":[{"start":{"line":87,"column":56},"end":{"line":87,"column":64}},{"start":{"line":87,"column":67},"end":{"line":87,"column":81}}],"line":87},"24":{"loc":{"start":{"line":90,"column":6},"end":{"line":103,"column":7}},"type":"if","locations":[{"start":{"line":90,"column":6},"end":{"line":103,"column":7}},{"start":{"line":100,"column":13},"end":{"line":103,"column":7}}],"line":90},"25":{"loc":{"start":{"line":91,"column":25},"end":{"line":91,"column":87}},"type":"binary-expr","locations":[{"start":{"line":91,"column":25},"end":{"line":91,"column":51}},{"start":{"line":91,"column":55},"end":{"line":91,"column":81}},{"start":{"line":91,"column":85},"end":{"line":91,"column":87}}],"line":91},"26":{"loc":{"start":{"line":92,"column":31},"end":{"line":92,"column":81}},"type":"cond-expr","locations":[{"start":{"line":92,"column":56},"end":{"line":92,"column":64}},{"start":{"line":92,"column":67},"end":{"line":92,"column":81}}],"line":92},"27":{"loc":{"start":{"line":93,"column":24},"end":{"line":93,"column":82}},"type":"binary-expr","locations":[{"start":{"line":93,"column":24},"end":{"line":93,"column":42}},{"start":{"line":93,"column":46},"end":{"line":93,"column":64}},{"start":{"line":93,"column":68},"end":{"line":93,"column":82}}],"line":93},"28":{"loc":{"start":{"line":95,"column":26},"end":{"line":95,"column":109}},"type":"cond-expr","locations":[{"start":{"line":95,"column":44},"end":{"line":95,"column":91}},{"start":{"line":95,"column":94},"end":{"line":95,"column":109}}],"line":95},"29":{"loc":{"start":{"line":96,"column":40},"end":{"line":96,"column":103}},"type":"cond-expr","locations":[{"start":{"line":96,"column":62},"end":{"line":96,"column":93}},{"start":{"line":96,"column":96},"end":{"line":96,"column":103}}],"line":96},"30":{"loc":{"start":{"line":107,"column":21},"end":{"line":107,"column":71}},"type":"binary-expr","locations":[{"start":{"line":107,"column":21},"end":{"line":107,"column":41}},{"start":{"line":107,"column":45},"end":{"line":107,"column":65}},{"start":{"line":107,"column":69},"end":{"line":107,"column":71}}],"line":107},"31":{"loc":{"start":{"line":108,"column":27},"end":{"line":108,"column":77}},"type":"cond-expr","locations":[{"start":{"line":108,"column":52},"end":{"line":108,"column":60}},{"start":{"line":108,"column":63},"end":{"line":108,"column":77}}],"line":108},"32":{"loc":{"start":{"line":109,"column":20},"end":{"line":109,"column":66}},"type":"binary-expr","locations":[{"start":{"line":109,"column":20},"end":{"line":109,"column":32}},{"start":{"line":109,"column":36},"end":{"line":109,"column":48}},{"start":{"line":109,"column":52},"end":{"line":109,"column":66}}],"line":109},"33":{"loc":{"start":{"line":115,"column":36},"end":{"line":115,"column":93}},"type":"cond-expr","locations":[{"start":{"line":115,"column":44},"end":{"line":115,"column":62}},{"start":{"line":115,"column":65},"end":{"line":115,"column":93}}],"line":115},"34":{"loc":{"start":{"line":118,"column":4},"end":{"line":122,"column":5}},"type":"if","locations":[{"start":{"line":118,"column":4},"end":{"line":122,"column":5}},{"start":{"line":120,"column":11},"end":{"line":122,"column":5}}],"line":118},"35":{"loc":{"start":{"line":126,"column":4},"end":{"line":130,"column":5}},"type":"if","locations":[{"start":{"line":126,"column":4},"end":{"line":130,"column":5}},{"start":{},"end":{}}],"line":126},"36":{"loc":{"start":{"line":127,"column":23},"end":{"line":127,"column":101}},"type":"binary-expr","locations":[{"start":{"line":127,"column":23},"end":{"line":127,"column":57}},{"start":{"line":127,"column":61},"end":{"line":127,"column":95}},{"start":{"line":127,"column":99},"end":{"line":127,"column":101}}],"line":127},"37":{"loc":{"start":{"line":128,"column":22},"end":{"line":128,"column":84}},"type":"binary-expr","locations":[{"start":{"line":128,"column":22},"end":{"line":128,"column":48}},{"start":{"line":128,"column":52},"end":{"line":128,"column":78}},{"start":{"line":128,"column":82},"end":{"line":128,"column":84}}],"line":128}},"s":{"0":4,"1":4,"2":4,"3":4,"4":4,"5":4,"6":3,"7":3,"8":3,"9":3,"10":5,"11":5,"12":2,"13":3,"14":3,"15":3,"16":3,"17":2,"18":1,"19":3,"20":0,"21":3,"22":3,"23":3,"24":0,"25":0,"26":0,"27":3,"28":3,"29":3,"30":3,"31":3,"32":3,"33":3,"34":3,"35":0,"36":3,"37":3,"38":3,"39":0,"40":0,"41":3,"42":3,"43":3,"44":3,"45":2,"46":1,"47":1,"48":1,"49":1,"50":1,"51":1,"52":3,"53":2,"54":2,"55":2,"56":0,"57":0,"58":0,"59":2,"60":0,"61":0,"62":0,"63":0,"64":0,"65":0,"66":0,"67":0,"68":0,"69":2,"70":2,"71":2,"72":1,"73":1,"74":1,"75":1,"76":1,"77":1,"78":1,"79":1,"80":1,"81":1,"82":0,"83":1,"84":1,"85":0,"86":0,"87":0,"88":1,"89":1,"90":4},"f":{"0":4,"1":3,"2":3,"3":3,"4":5,"5":3,"6":3,"7":3,"8":0,"9":3,"10":3,"11":3,"12":3,"13":2,"14":1},"b":{"0":[3,0],"1":[5,3],"2":[2,3],"3":[5,3],"4":[3,0,0],"5":[3,0],"6":[2,1],"7":[0,3],"8":[0,0],"9":[3,0],"10":[0,3],"11":[3,0],"12":[3,0],"13":[2,1],"14":[1,0,0],"15":[1,0,0],"16":[0,1],"17":[0,1],"18":[1,0,0],"19":[1,1,1],"20":[2,1],"21":[2,0],"22":[0,0,0],"23":[0,0],"24":[0,2],"25":[0,0,0],"26":[0,0],"27":[0,0,0],"28":[0,0],"29":[0,0],"30":[1,0,0],"31":[0,1],"32":[1,0,0],"33":[0,1],"34":[0,1],"35":[0,1],"36":[0,0,0],"37":[0,0,0]},"_coverageSchema":"1a1c01bbd47fc00a2c39e90264f33305004495a9","hash":"8c33cd0452f2d039e86670cc6a1185a9b01d68cd"}
,"C:\\EVERYTHING_ANISH\\EVERYTHING_DEV_WORK\\Jira_Task_Plus\\JiraTaskPlus_Plugin\\src\\tracker\\widget\\task-service.js": {"path":"C:\\EVERYTHING_ANISH\\EVERYTHING_DEV_WORK\\Jira_Task_Plus\\JiraTaskPlus_Plugin\\src\\tracker\\widget\\task-service.js","statementMap":{"0":{"start":{"line":4,"column":18},"end":{"line":4,"column":20}},"1":{"start":{"line":5,"column":19},"end":{"line":5,"column":20}},"2":{"start":{"line":6,"column":19},"end":{"line":6,"column":37}},"3":{"start":{"line":9,"column":2},"end":{"line":9,"column":66}},"4":{"start":{"line":9,"column":8},"end":{"line":9,"column":36}},"5":{"start":{"line":9,"column":51},"end":{"line":9,"column":64}},"6":{"start":{"line":13,"column":2},"end":{"line":20,"column":5}},"7":{"start":{"line":14,"column":4},"end":{"line":14,"column":80}},"8":{"start":{"line":14,"column":31},"end":{"line":14,"column":70}},"9":{"start":{"line":14,"column":71},"end":{"line":14,"column":78}},"10":{"start":{"line":15,"column":4},"end":{"line":19,"column":7}},"11":{"start":{"line":16,"column":6},"end":{"line":16,"column":100}},"12":{"start":{"line":16,"column":38},"end":{"line":16,"column":90}},"13":{"start":{"line":16,"column":91},"end":{"line":16,"column":98}},"14":{"start":{"line":17,"column":6},"end":{"line":17,"column":87}},"15":{"start":{"line":17,"column":29},"end":{"line":17,"column":77}},"16":{"start":{"line":17,"column":78},"end":{"line":17,"column":85}},"17":{"start":{"line":18,"column":6},"end":{"line":18,"column":24}},"18":{"start":{"line":24,"column":2},"end":{"line":29,"column":5}},"19":{"start":{"line":25,"column":4},"end":{"line":25,"column":82}},"20":{"start":{"line":25,"column":31},"end":{"line":25,"column":72}},"21":{"start":{"line":25,"column":73},"end":{"line":25,"column":80}},"22":{"start":{"line":26,"column":4},"end":{"line":28,"column":7}},"23":{"start":{"line":27,"column":6},"end":{"line":27,"column":79}},"24":{"start":{"line":33,"column":19},"end":{"line":33,"column":41}},"25":{"start":{"line":34,"column":15},"end":{"line":38,"column":4}},"26":{"start":{"line":39,"column":2},"end":{"line":39,"column":27}},"27":{"start":{"line":43,"column":2},"end":{"line":47,"column":5}},"28":{"start":{"line":44,"column":4},"end":{"line":46,"column":7}},"29":{"start":{"line":45,"column":6},"end":{"line":45,"column":31}},"30":{"start":{"line":51,"column":2},"end":{"line":58,"column":5}},"31":{"start":{"line":52,"column":17},"end":{"line":52,"column":38}},"32":{"start":{"line":54,"column":4},"end":{"line":54,"column":53}},"33":{"start":{"line":54,"column":32},"end":{"line":54,"column":51}},"34":{"start":{"line":55,"column":4},"end":{"line":55,"column":131}},"35":{"start":{"line":56,"column":4},"end":{"line":56,"column":73}},"36":{"start":{"line":56,"column":36},"end":{"line":56,"column":73}},"37":{"start":{"line":57,"column":4},"end":{"line":57,"column":55}}},"fnMap":{"0":{"name":"isExtensionValid","decl":{"start":{"line":8,"column":16},"end":{"line":8,"column":32}},"loc":{"start":{"line":8,"column":35},"end":{"line":10,"column":1}},"line":8},"1":{"name":"jiraFetch","decl":{"start":{"line":12,"column":16},"end":{"line":12,"column":25}},"loc":{"start":{"line":12,"column":60},"end":{"line":21,"column":1}},"line":12},"2":{"name":"(anonymous_2)","decl":{"start":{"line":13,"column":21},"end":{"line":13,"column":22}},"loc":{"start":{"line":13,"column":42},"end":{"line":20,"column":3}},"line":13},"3":{"name":"(anonymous_3)","decl":{"start":{"line":15,"column":78},"end":{"line":15,"column":79}},"loc":{"start":{"line":15,"column":87},"end":{"line":19,"column":5}},"line":15},"4":{"name":"getJiraBaseUrl","decl":{"start":{"line":23,"column":22},"end":{"line":23,"column":36}},"loc":{"start":{"line":23,"column":39},"end":{"line":30,"column":1}},"line":23},"5":{"name":"(anonymous_5)","decl":{"start":{"line":24,"column":21},"end":{"line":24,"column":22}},"loc":{"start":{"line":24,"column":26},"end":{"line":29,"column":3}},"line":24},"6":{"name":"(anonymous_6)","decl":{"start":{"line":26,"column":54},"end":{"line":26,"column":55}},"loc":{"start":{"line":26,"column":63},"end":{"line":28,"column":5}},"line":26},"7":{"name":"fetchTasks","decl":{"start":{"line":32,"column":22},"end":{"line":32,"column":32}},"loc":{"start":{"line":32,"column":44},"end":{"line":40,"column":1}},"line":32},"8":{"name":"getRecentTasks","decl":{"start":{"line":42,"column":22},"end":{"line":42,"column":36}},"loc":{"start":{"line":42,"column":39},"end":{"line":48,"column":1}},"line":42},"9":{"name":"(anonymous_9)","decl":{"start":{"line":43,"column":21},"end":{"line":43,"column":22}},"loc":{"start":{"line":43,"column":26},"end":{"line":47,"column":3}},"line":43},"10":{"name":"(anonymous_10)","decl":{"start":{"line":44,"column":41},"end":{"line":44,"column":42}},"loc":{"start":{"line":44,"column":50},"end":{"line":46,"column":5}},"line":44},"11":{"name":"pushRecentTask","decl":{"start":{"line":50,"column":16},"end":{"line":50,"column":30}},"loc":{"start":{"line":50,"column":38},"end":{"line":59,"column":1}},"line":50},"12":{"name":"(anonymous_12)","decl":{"start":{"line":51,"column":39},"end":{"line":51,"column":40}},"loc":{"start":{"line":51,"column":48},"end":{"line":58,"column":3}},"line":51},"13":{"name":"(anonymous_13)","decl":{"start":{"line":54,"column":27},"end":{"line":54,"column":28}},"loc":{"start":{"line":54,"column":32},"end":{"line":54,"column":51}},"line":54}},"branchMap":{"0":{"loc":{"start":{"line":12,"column":31},"end":{"line":12,"column":45}},"type":"default-arg","locations":[{"start":{"line":12,"column":40},"end":{"line":12,"column":45}}],"line":12},"1":{"loc":{"start":{"line":12,"column":47},"end":{"line":12,"column":58}},"type":"default-arg","locations":[{"start":{"line":12,"column":54},"end":{"line":12,"column":58}}],"line":12},"2":{"loc":{"start":{"line":14,"column":4},"end":{"line":14,"column":80}},"type":"if","locations":[{"start":{"line":14,"column":4},"end":{"line":14,"column":80}},{"start":{},"end":{}}],"line":14},"3":{"loc":{"start":{"line":16,"column":6},"end":{"line":16,"column":100}},"type":"if","locations":[{"start":{"line":16,"column":6},"end":{"line":16,"column":100}},{"start":{},"end":{}}],"line":16},"4":{"loc":{"start":{"line":17,"column":6},"end":{"line":17,"column":87}},"type":"if","locations":[{"start":{"line":17,"column":6},"end":{"line":17,"column":87}},{"start":{},"end":{}}],"line":17},"5":{"loc":{"start":{"line":17,"column":10},"end":{"line":17,"column":25}},"type":"binary-expr","locations":[{"start":{"line":17,"column":10},"end":{"line":17,"column":14}},{"start":{"line":17,"column":18},"end":{"line":17,"column":25}}],"line":17},"6":{"loc":{"start":{"line":17,"column":46},"end":{"line":17,"column":74}},"type":"binary-expr","locations":[{"start":{"line":17,"column":46},"end":{"line":17,"column":56}},{"start":{"line":17,"column":60},"end":{"line":17,"column":74}}],"line":17},"7":{"loc":{"start":{"line":25,"column":4},"end":{"line":25,"column":82}},"type":"if","locations":[{"start":{"line":25,"column":4},"end":{"line":25,"column":82}},{"start":{},"end":{}}],"line":25},"8":{"loc":{"start":{"line":27,"column":8},"end":{"line":27,"column":77}},"type":"binary-expr","locations":[{"start":{"line":27,"column":8},"end":{"line":27,"column":36}},{"start":{"line":27,"column":40},"end":{"line":27,"column":77}}],"line":27},"9":{"loc":{"start":{"line":39,"column":9},"end":{"line":39,"column":26}},"type":"binary-expr","locations":[{"start":{"line":39,"column":9},"end":{"line":39,"column":20}},{"start":{"line":39,"column":24},"end":{"line":39,"column":26}}],"line":39},"10":{"loc":{"start":{"line":45,"column":8},"end":{"line":45,"column":29}},"type":"binary-expr","locations":[{"start":{"line":45,"column":8},"end":{"line":45,"column":23}},{"start":{"line":45,"column":27},"end":{"line":45,"column":29}}],"line":45},"11":{"loc":{"start":{"line":52,"column":17},"end":{"line":52,"column":38}},"type":"binary-expr","locations":[{"start":{"line":52,"column":17},"end":{"line":52,"column":32}},{"start":{"line":52,"column":36},"end":{"line":52,"column":38}}],"line":52},"12":{"loc":{"start":{"line":55,"column":70},"end":{"line":55,"column":89}},"type":"binary-expr","locations":[{"start":{"line":55,"column":70},"end":{"line":55,"column":83}},{"start":{"line":55,"column":87},"end":{"line":55,"column":89}}],"line":55},"13":{"loc":{"start":{"line":55,"column":104},"end":{"line":55,"column":127}},"type":"binary-expr","locations":[{"start":{"line":55,"column":104},"end":{"line":55,"column":121}},{"start":{"line":55,"column":125},"end":{"line":55,"column":127}}],"line":55},"14":{"loc":{"start":{"line":56,"column":4},"end":{"line":56,"column":73}},"type":"if","locations":[{"start":{"line":56,"column":4},"end":{"line":56,"column":73}},{"start":{},"end":{}}],"line":56}},"s":{"0":4,"1":4,"2":4,"3":6,"4":6,"5":0,"6":2,"7":2,"8":0,"9":0,"10":2,"11":2,"12":0,"13":0,"14":2,"15":1,"16":1,"17":1,"18":2,"19":2,"20":0,"21":0,"22":2,"23":2,"24":2,"25":2,"26":1,"27":2,"28":2,"29":2,"30":3,"31":3,"32":3,"33":7,"34":3,"35":3,"36":1,"37":3},"f":{"0":6,"1":2,"2":2,"3":2,"4":2,"5":2,"6":2,"7":2,"8":2,"9":2,"10":2,"11":3,"12":3,"13":7},"b":{"0":[0],"1":[0],"2":[0,2],"3":[0,2],"4":[1,1],"5":[2,2],"6":[1,0],"7":[0,2],"8":[2,0],"9":[1,0],"10":[2,1],"11":[3,1],"12":[3,2],"13":[3,2],"14":[1,2]},"_coverageSchema":"1a1c01bbd47fc00a2c39e90264f33305004495a9","hash":"c910760beac552a893ae7d6f64c3c14208fef3d8"}
,"C:\\EVERYTHING_ANISH\\EVERYTHING_DEV_WORK\\Jira_Task_Plus\\JiraTaskPlus_Plugin\\src\\tracker\\widget\\timer-controller.js": {"path":"C:\\EVERYTHING_ANISH\\EVERYTHING_DEV_WORK\\Jira_Task_Plus\\JiraTaskPlus_Plugin\\src\\tracker\\widget\\timer-controller.js","statementMap":{"0":{"start":{"line":7,"column":22},"end":{"line":7,"column":26}},"1":{"start":{"line":8,"column":21},"end":{"line":8,"column":25}},"2":{"start":{"line":9,"column":22},"end":{"line":9,"column":26}},"3":{"start":{"line":12,"column":14},"end":{"line":12,"column":65}},"4":{"start":{"line":13,"column":14},"end":{"line":13,"column":72}},"5":{"start":{"line":14,"column":14},"end":{"line":14,"column":51}},"6":{"start":{"line":15,"column":4},"end":{"line":15,"column":28}},"7":{"start":{"line":19,"column":14},"end":{"line":19,"column":40}},"8":{"start":{"line":20,"column":14},"end":{"line":20,"column":47}},"9":{"start":{"line":21,"column":4},"end":{"line":21,"column":45}},"10":{"start":{"line":21,"column":24},"end":{"line":21,"column":45}},"11":{"start":{"line":22,"column":4},"end":{"line":22,"column":30}},"12":{"start":{"line":22,"column":15},"end":{"line":22,"column":30}},"13":{"start":{"line":23,"column":4},"end":{"line":23,"column":24}},"14":{"start":{"line":27,"column":4},"end":{"line":27,"column":52}},"15":{"start":{"line":27,"column":23},"end":{"line":27,"column":52}},"16":{"start":{"line":28,"column":4},"end":{"line":33,"column":13}},"17":{"start":{"line":29,"column":6},"end":{"line":29,"column":32}},"18":{"start":{"line":29,"column":25},"end":{"line":29,"column":32}},"19":{"start":{"line":30,"column":22},"end":{"line":30,"column":78}},"20":{"start":{"line":31,"column":6},"end":{"line":31,"column":61}},"21":{"start":{"line":32,"column":6},"end":{"line":32,"column":78}},"22":{"start":{"line":32,"column":26},"end":{"line":32,"column":78}},"23":{"start":{"line":37,"column":4},"end":{"line":37,"column":25}},"24":{"start":{"line":38,"column":4},"end":{"line":38,"column":41}},"25":{"start":{"line":39,"column":4},"end":{"line":39,"column":44}},"26":{"start":{"line":40,"column":4},"end":{"line":40,"column":44}},"27":{"start":{"line":41,"column":4},"end":{"line":41,"column":43}},"28":{"start":{"line":42,"column":4},"end":{"line":42,"column":63}},"29":{"start":{"line":42,"column":22},"end":{"line":42,"column":63}},"30":{"start":{"line":43,"column":4},"end":{"line":43,"column":66}},"31":{"start":{"line":43,"column":24},"end":{"line":43,"column":66}},"32":{"start":{"line":44,"column":4},"end":{"line":44,"column":48}},"33":{"start":{"line":45,"column":4},"end":{"line":45,"column":57}},"34":{"start":{"line":46,"column":4},"end":{"line":51,"column":5}},"35":{"start":{"line":47,"column":6},"end":{"line":47,"column":47}},"36":{"start":{"line":48,"column":6},"end":{"line":48,"column":117}},"37":{"start":{"line":50,"column":6},"end":{"line":50,"column":45}},"38":{"start":{"line":52,"column":4},"end":{"line":52,"column":23}},"39":{"start":{"line":53,"column":4},"end":{"line":53,"column":55}},"40":{"start":{"line":53,"column":23},"end":{"line":53,"column":55}},"41":{"start":{"line":57,"column":4},"end":{"line":57,"column":24}},"42":{"start":{"line":58,"column":4},"end":{"line":58,"column":78}},"43":{"start":{"line":58,"column":25},"end":{"line":58,"column":54}},"44":{"start":{"line":58,"column":55},"end":{"line":58,"column":76}},"45":{"start":{"line":59,"column":4},"end":{"line":59,"column":43}},"46":{"start":{"line":60,"column":4},"end":{"line":60,"column":47}},"47":{"start":{"line":61,"column":4},"end":{"line":61,"column":44}},"48":{"start":{"line":62,"column":4},"end":{"line":62,"column":41}},"49":{"start":{"line":63,"column":4},"end":{"line":63,"column":51}},"50":{"start":{"line":63,"column":23},"end":{"line":63,"column":51}},"51":{"start":{"line":67,"column":4},"end":{"line":67,"column":24}},"52":{"start":{"line":68,"column":4},"end":{"line":68,"column":78}},"53":{"start":{"line":68,"column":25},"end":{"line":68,"column":54}},"54":{"start":{"line":68,"column":55},"end":{"line":68,"column":76}},"55":{"start":{"line":69,"column":4},"end":{"line":69,"column":47}},"56":{"start":{"line":70,"column":4},"end":{"line":70,"column":41}},"57":{"start":{"line":71,"column":4},"end":{"line":71,"column":40}},"58":{"start":{"line":72,"column":4},"end":{"line":72,"column":41}},"59":{"start":{"line":73,"column":4},"end":{"line":73,"column":49}},"60":{"start":{"line":74,"column":4},"end":{"line":74,"column":54}},"61":{"start":{"line":75,"column":4},"end":{"line":75,"column":49}},"62":{"start":{"line":76,"column":4},"end":{"line":76,"column":36}},"63":{"start":{"line":77,"column":4},"end":{"line":77,"column":44}},"64":{"start":{"line":78,"column":4},"end":{"line":78,"column":54}},"65":{"start":{"line":78,"column":23},"end":{"line":78,"column":54}},"66":{"start":{"line":82,"column":4},"end":{"line":82,"column":36}},"67":{"start":{"line":82,"column":29},"end":{"line":82,"column":36}},"68":{"start":{"line":83,"column":4},"end":{"line":88,"column":7}},"69":{"start":{"line":84,"column":6},"end":{"line":84,"column":43}},"70":{"start":{"line":84,"column":36},"end":{"line":84,"column":43}},"71":{"start":{"line":85,"column":6},"end":{"line":87,"column":7}},"72":{"start":{"line":86,"column":8},"end":{"line":86,"column":117}},"73":{"start":{"line":92,"column":4},"end":{"line":92,"column":36}},"74":{"start":{"line":92,"column":29},"end":{"line":92,"column":36}},"75":{"start":{"line":93,"column":4},"end":{"line":97,"column":7}},"76":{"start":{"line":94,"column":6},"end":{"line":94,"column":62}},"77":{"start":{"line":94,"column":55},"end":{"line":94,"column":62}},"78":{"start":{"line":95,"column":6},"end":{"line":95,"column":23}},"79":{"start":{"line":96,"column":6},"end":{"line":96,"column":55}},"80":{"start":{"line":96,"column":25},"end":{"line":96,"column":55}},"81":{"start":{"line":101,"column":4},"end":{"line":101,"column":84}},"82":{"start":{"line":101,"column":28},"end":{"line":101,"column":84}},"83":{"start":{"line":102,"column":4},"end":{"line":102,"column":15}},"84":{"start":{"line":106,"column":4},"end":{"line":106,"column":36}},"85":{"start":{"line":106,"column":29},"end":{"line":106,"column":36}},"86":{"start":{"line":107,"column":4},"end":{"line":111,"column":7}},"87":{"start":{"line":108,"column":6},"end":{"line":108,"column":43}},"88":{"start":{"line":108,"column":36},"end":{"line":108,"column":43}},"89":{"start":{"line":109,"column":6},"end":{"line":110,"column":22}},"90":{"start":{"line":109,"column":34},"end":{"line":109,"column":53}},"91":{"start":{"line":110,"column":11},"end":{"line":110,"column":22}},"92":{"start":{"line":115,"column":4},"end":{"line":115,"column":66}},"93":{"start":{"line":115,"column":59},"end":{"line":115,"column":66}},"94":{"start":{"line":116,"column":18},"end":{"line":116,"column":55}},"95":{"start":{"line":117,"column":4},"end":{"line":123,"column":5}},"96":{"start":{"line":118,"column":6},"end":{"line":118,"column":17}},"97":{"start":{"line":119,"column":11},"end":{"line":123,"column":5}},"98":{"start":{"line":120,"column":6},"end":{"line":120,"column":25}},"99":{"start":{"line":121,"column":11},"end":{"line":123,"column":5}},"100":{"start":{"line":122,"column":6},"end":{"line":122,"column":25}},"101":{"start":{"line":126,"column":2},"end":{"line":138,"column":4}},"102":{"start":{"line":127,"column":20},"end":{"line":127,"column":40}},"103":{"start":{"line":128,"column":28},"end":{"line":128,"column":47}}},"fnMap":{"0":{"name":"createTimerController","decl":{"start":{"line":6,"column":16},"end":{"line":6,"column":37}},"loc":{"start":{"line":6,"column":44},"end":{"line":139,"column":1}},"line":6},"1":{"name":"formatElapsed","decl":{"start":{"line":11,"column":11},"end":{"line":11,"column":24}},"loc":{"start":{"line":11,"column":34},"end":{"line":16,"column":3}},"line":11},"2":{"name":"formatForInput","decl":{"start":{"line":18,"column":11},"end":{"line":18,"column":25}},"loc":{"start":{"line":18,"column":35},"end":{"line":24,"column":3}},"line":18},"3":{"name":"startTickDisplay","decl":{"start":{"line":26,"column":11},"end":{"line":26,"column":27}},"loc":{"start":{"line":26,"column":30},"end":{"line":34,"column":3}},"line":26},"4":{"name":"(anonymous_4)","decl":{"start":{"line":28,"column":32},"end":{"line":28,"column":33}},"loc":{"start":{"line":28,"column":38},"end":{"line":33,"column":5}},"line":28},"5":{"name":"showRunning","decl":{"start":{"line":36,"column":11},"end":{"line":36,"column":22}},"loc":{"start":{"line":36,"column":30},"end":{"line":54,"column":3}},"line":36},"6":{"name":"showIdle","decl":{"start":{"line":56,"column":11},"end":{"line":56,"column":19}},"loc":{"start":{"line":56,"column":22},"end":{"line":64,"column":3}},"line":56},"7":{"name":"showLogForm","decl":{"start":{"line":66,"column":11},"end":{"line":66,"column":22}},"loc":{"start":{"line":66,"column":29},"end":{"line":79,"column":3}},"line":66},"8":{"name":"startTimer","decl":{"start":{"line":81,"column":11},"end":{"line":81,"column":21}},"loc":{"start":{"line":81,"column":82},"end":{"line":89,"column":3}},"line":81},"9":{"name":"(anonymous_9)","decl":{"start":{"line":83,"column":115},"end":{"line":83,"column":116}},"loc":{"start":{"line":83,"column":124},"end":{"line":88,"column":5}},"line":83},"10":{"name":"stopTimer","decl":{"start":{"line":91,"column":11},"end":{"line":91,"column":20}},"loc":{"start":{"line":91,"column":23},"end":{"line":98,"column":3}},"line":91},"11":{"name":"(anonymous_11)","decl":{"start":{"line":93,"column":59},"end":{"line":93,"column":60}},"loc":{"start":{"line":93,"column":68},"end":{"line":97,"column":5}},"line":93},"12":{"name":"clearTimer","decl":{"start":{"line":100,"column":11},"end":{"line":100,"column":21}},"loc":{"start":{"line":100,"column":24},"end":{"line":103,"column":3}},"line":100},"13":{"name":"checkInitialState","decl":{"start":{"line":105,"column":11},"end":{"line":105,"column":28}},"loc":{"start":{"line":105,"column":31},"end":{"line":112,"column":3}},"line":105},"14":{"name":"(anonymous_14)","decl":{"start":{"line":107,"column":61},"end":{"line":107,"column":62}},"loc":{"start":{"line":107,"column":72},"end":{"line":111,"column":5}},"line":107},"15":{"name":"handleStorageChange","decl":{"start":{"line":114,"column":11},"end":{"line":114,"column":30}},"loc":{"start":{"line":114,"column":46},"end":{"line":124,"column":3}},"line":114},"16":{"name":"(anonymous_16)","decl":{"start":{"line":127,"column":4},"end":{"line":127,"column":5}},"loc":{"start":{"line":127,"column":18},"end":{"line":127,"column":42}},"line":127},"17":{"name":"(anonymous_17)","decl":{"start":{"line":128,"column":4},"end":{"line":128,"column":5}},"loc":{"start":{"line":128,"column":26},"end":{"line":128,"column":49}},"line":128}},"branchMap":{"0":{"loc":{"start":{"line":21,"column":4},"end":{"line":21,"column":45}},"type":"if","locations":[{"start":{"line":21,"column":4},"end":{"line":21,"column":45}},{"start":{},"end":{}}],"line":21},"1":{"loc":{"start":{"line":21,"column":8},"end":{"line":21,"column":22}},"type":"binary-expr","locations":[{"start":{"line":21,"column":8},"end":{"line":21,"column":13}},{"start":{"line":21,"column":17},"end":{"line":21,"column":22}}],"line":21},"2":{"loc":{"start":{"line":22,"column":4},"end":{"line":22,"column":30}},"type":"if","locations":[{"start":{"line":22,"column":4},"end":{"line":22,"column":30}},{"start":{},"end":{}}],"line":22},"3":{"loc":{"start":{"line":23,"column":14},"end":{"line":23,"column":20}},"type":"binary-expr","locations":[{"start":{"line":23,"column":14},"end":{"line":23,"column":15}},{"start":{"line":23,"column":19},"end":{"line":23,"column":20}}],"line":23},"4":{"loc":{"start":{"line":27,"column":4},"end":{"line":27,"column":52}},"type":"if","locations":[{"start":{"line":27,"column":4},"end":{"line":27,"column":52}},{"start":{},"end":{}}],"line":27},"5":{"loc":{"start":{"line":29,"column":6},"end":{"line":29,"column":32}},"type":"if","locations":[{"start":{"line":29,"column":6},"end":{"line":29,"column":32}},{"start":{},"end":{}}],"line":29},"6":{"loc":{"start":{"line":32,"column":6},"end":{"line":32,"column":78}},"type":"if","locations":[{"start":{"line":32,"column":6},"end":{"line":32,"column":78}},{"start":{},"end":{}}],"line":32},"7":{"loc":{"start":{"line":42,"column":4},"end":{"line":42,"column":63}},"type":"if","locations":[{"start":{"line":42,"column":4},"end":{"line":42,"column":63}},{"start":{},"end":{}}],"line":42},"8":{"loc":{"start":{"line":43,"column":4},"end":{"line":43,"column":66}},"type":"if","locations":[{"start":{"line":43,"column":4},"end":{"line":43,"column":66}},{"start":{},"end":{}}],"line":43},"9":{"loc":{"start":{"line":45,"column":37},"end":{"line":45,"column":56}},"type":"binary-expr","locations":[{"start":{"line":45,"column":37},"end":{"line":45,"column":50}},{"start":{"line":45,"column":54},"end":{"line":45,"column":56}}],"line":45},"10":{"loc":{"start":{"line":46,"column":4},"end":{"line":51,"column":5}},"type":"if","locations":[{"start":{"line":46,"column":4},"end":{"line":51,"column":5}},{"start":{"line":49,"column":11},"end":{"line":51,"column":5}}],"line":46},"11":{"loc":{"start":{"line":48,"column":59},"end":{"line":48,"column":114}},"type":"cond-expr","locations":[{"start":{"line":48,"column":79},"end":{"line":48,"column":109}},{"start":{"line":48,"column":112},"end":{"line":48,"column":114}}],"line":48},"12":{"loc":{"start":{"line":53,"column":4},"end":{"line":53,"column":55}},"type":"if","locations":[{"start":{"line":53,"column":4},"end":{"line":53,"column":55}},{"start":{},"end":{}}],"line":53},"13":{"loc":{"start":{"line":58,"column":4},"end":{"line":58,"column":78}},"type":"if","locations":[{"start":{"line":58,"column":4},"end":{"line":58,"column":78}},{"start":{},"end":{}}],"line":58},"14":{"loc":{"start":{"line":63,"column":4},"end":{"line":63,"column":51}},"type":"if","locations":[{"start":{"line":63,"column":4},"end":{"line":63,"column":51}},{"start":{},"end":{}}],"line":63},"15":{"loc":{"start":{"line":68,"column":4},"end":{"line":68,"column":78}},"type":"if","locations":[{"start":{"line":68,"column":4},"end":{"line":68,"column":78}},{"start":{},"end":{}}],"line":68},"16":{"loc":{"start":{"line":75,"column":25},"end":{"line":75,"column":48}},"type":"binary-expr","locations":[{"start":{"line":75,"column":25},"end":{"line":75,"column":42}},{"start":{"line":75,"column":46},"end":{"line":75,"column":48}}],"line":75},"17":{"loc":{"start":{"line":78,"column":4},"end":{"line":78,"column":54}},"type":"if","locations":[{"start":{"line":78,"column":4},"end":{"line":78,"column":54}},{"start":{},"end":{}}],"line":78},"18":{"loc":{"start":{"line":81,"column":63},"end":{"line":81,"column":80}},"type":"default-arg","locations":[{"start":{"line":81,"column":78},"end":{"line":81,"column":80}}],"line":81},"19":{"loc":{"start":{"line":82,"column":4},"end":{"line":82,"column":36}},"type":"if","locations":[{"start":{"line":82,"column":4},"end":{"line":82,"column":36}},{"start":{},"end":{}}],"line":82},"20":{"loc":{"start":{"line":84,"column":6},"end":{"line":84,"column":43}},"type":"if","locations":[{"start":{"line":84,"column":6},"end":{"line":84,"column":43}},{"start":{},"end":{}}],"line":84},"21":{"loc":{"start":{"line":85,"column":6},"end":{"line":87,"column":7}},"type":"if","locations":[{"start":{"line":85,"column":6},"end":{"line":87,"column":7}},{"start":{},"end":{}}],"line":85},"22":{"loc":{"start":{"line":85,"column":10},"end":{"line":85,"column":23}},"type":"binary-expr","locations":[{"start":{"line":85,"column":10},"end":{"line":85,"column":13}},{"start":{"line":85,"column":17},"end":{"line":85,"column":23}}],"line":85},"23":{"loc":{"start":{"line":92,"column":4},"end":{"line":92,"column":36}},"type":"if","locations":[{"start":{"line":92,"column":4},"end":{"line":92,"column":36}},{"start":{},"end":{}}],"line":92},"24":{"loc":{"start":{"line":94,"column":6},"end":{"line":94,"column":62}},"type":"if","locations":[{"start":{"line":94,"column":6},"end":{"line":94,"column":62}},{"start":{},"end":{}}],"line":94},"25":{"loc":{"start":{"line":94,"column":10},"end":{"line":94,"column":53}},"type":"binary-expr","locations":[{"start":{"line":94,"column":10},"end":{"line":94,"column":34}},{"start":{"line":94,"column":38},"end":{"line":94,"column":42}},{"start":{"line":94,"column":46},"end":{"line":94,"column":53}}],"line":94},"26":{"loc":{"start":{"line":96,"column":6},"end":{"line":96,"column":55}},"type":"if","locations":[{"start":{"line":96,"column":6},"end":{"line":96,"column":55}},{"start":{},"end":{}}],"line":96},"27":{"loc":{"start":{"line":101,"column":4},"end":{"line":101,"column":84}},"type":"if","locations":[{"start":{"line":101,"column":4},"end":{"line":101,"column":84}},{"start":{},"end":{}}],"line":101},"28":{"loc":{"start":{"line":106,"column":4},"end":{"line":106,"column":36}},"type":"if","locations":[{"start":{"line":106,"column":4},"end":{"line":106,"column":36}},{"start":{},"end":{}}],"line":106},"29":{"loc":{"start":{"line":108,"column":6},"end":{"line":108,"column":43}},"type":"if","locations":[{"start":{"line":108,"column":6},"end":{"line":108,"column":43}},{"start":{},"end":{}}],"line":108},"30":{"loc":{"start":{"line":109,"column":6},"end":{"line":110,"column":22}},"type":"if","locations":[{"start":{"line":109,"column":6},"end":{"line":110,"column":22}},{"start":{"line":110,"column":11},"end":{"line":110,"column":22}}],"line":109},"31":{"loc":{"start":{"line":109,"column":10},"end":{"line":109,"column":32}},"type":"binary-expr","locations":[{"start":{"line":109,"column":10},"end":{"line":109,"column":15}},{"start":{"line":109,"column":19},"end":{"line":109,"column":32}}],"line":109},"32":{"loc":{"start":{"line":115,"column":4},"end":{"line":115,"column":66}},"type":"if","locations":[{"start":{"line":115,"column":4},"end":{"line":115,"column":66}},{"start":{},"end":{}}],"line":115},"33":{"loc":{"start":{"line":115,"column":8},"end":{"line":115,"column":57}},"type":"binary-expr","locations":[{"start":{"line":115,"column":8},"end":{"line":115,"column":24}},{"start":{"line":115,"column":28},"end":{"line":115,"column":57}}],"line":115},"34":{"loc":{"start":{"line":117,"column":4},"end":{"line":123,"column":5}},"type":"if","locations":[{"start":{"line":117,"column":4},"end":{"line":123,"column":5}},{"start":{"line":119,"column":11},"end":{"line":123,"column":5}}],"line":117},"35":{"loc":{"start":{"line":119,"column":11},"end":{"line":123,"column":5}},"type":"if","locations":[{"start":{"line":119,"column":11},"end":{"line":123,"column":5}},{"start":{"line":121,"column":11},"end":{"line":123,"column":5}}],"line":119},"36":{"loc":{"start":{"line":121,"column":11},"end":{"line":123,"column":5}},"type":"if","locations":[{"start":{"line":121,"column":11},"end":{"line":123,"column":5}},{"start":{},"end":{}}],"line":121},"37":{"loc":{"start":{"line":121,"column":15},"end":{"line":121,"column":54}},"type":"binary-expr","locations":[{"start":{"line":121,"column":15},"end":{"line":121,"column":29}},{"start":{"line":121,"column":33},"end":{"line":121,"column":54}}],"line":121}},"s":{"0":16,"1":16,"2":16,"3":4,"4":4,"5":4,"6":4,"7":4,"8":4,"9":4,"10":1,"11":3,"12":1,"13":2,"14":6,"15":0,"16":6,"17":0,"18":0,"19":0,"20":0,"21":0,"22":0,"23":6,"24":6,"25":6,"26":6,"27":6,"28":6,"29":6,"30":6,"31":6,"32":6,"33":6,"34":6,"35":1,"36":1,"37":5,"38":6,"39":6,"40":2,"41":3,"42":3,"43":2,"44":2,"45":3,"46":3,"47":3,"48":3,"49":3,"50":1,"51":4,"52":4,"53":0,"54":0,"55":4,"56":4,"57":4,"58":4,"59":4,"60":4,"61":4,"62":4,"63":4,"64":4,"65":0,"66":0,"67":0,"68":0,"69":0,"70":0,"71":0,"72":0,"73":0,"74":0,"75":0,"76":0,"77":0,"78":0,"79":0,"80":0,"81":0,"82":0,"83":0,"84":0,"85":0,"86":0,"87":0,"88":0,"89":0,"90":0,"91":0,"92":3,"93":1,"94":2,"95":2,"96":1,"97":1,"98":1,"99":0,"100":0,"101":16,"102":3,"103":4},"f":{"0":16,"1":4,"2":4,"3":6,"4":0,"5":6,"6":3,"7":4,"8":0,"9":0,"10":0,"11":0,"12":0,"13":0,"14":0,"15":3,"16":3,"17":4},"b":{"0":[1,3],"1":[4,2],"2":[1,2],"3":[2,1],"4":[0,6],"5":[0,0],"6":[0,0],"7":[6,0],"8":[6,0],"9":[6,4],"10":[1,5],"11":[1,0],"12":[2,4],"13":[2,1],"14":[1,2],"15":[0,4],"16":[4,3],"17":[0,4],"18":[0],"19":[0,0],"20":[0,0],"21":[0,0],"22":[0,0],"23":[0,0],"24":[0,0],"25":[0,0,0],"26":[0,0],"27":[0,0],"28":[0,0],"29":[0,0],"30":[0,0],"31":[0,0],"32":[1,2],"33":[3,2],"34":[1,1],"35":[1,0],"36":[0,0],"37":[0,0]},"_coverageSchema":"1a1c01bbd47fc00a2c39e90264f33305004495a9","hash":"52944ca85b3f393bb5ad4e62c8aa7c6f1347eb08"}
}
