TN:
SF:src\tracker\widget\log-controller.js
FN:5,createLogController
FN:8,parseTimeInput
FN:23,setStopData
FN:24,getStopData
FN:26,submitLog
FN:53,(anonymous_5)
FN:83,discard
FN:88,trackTimerLog
FN:90,(anonymous_8)
FNF:9
FNH:6
FNDA:6,createLogController
FNDA:1,parseTimeInput
FNDA:4,setStopData
FNDA:1,getStopData
FNDA:3,submitLog
FNDA:0,(anonymous_5)
FNDA:1,discard
FNDA:0,trackTimerLog
FNDA:0,(anonymous_8)
DA:6,6
DA:9,1
DA:10,1
DA:11,1
DA:12,1
DA:13,1
DA:14,1
DA:15,1
DA:16,1
DA:17,0
DA:18,0
DA:20,1
DA:23,4
DA:24,1
DA:27,3
DA:28,2
DA:29,2
DA:30,2
DA:33,1
DA:34,1
DA:35,1
DA:37,1
DA:38,1
DA:39,1
DA:41,0
DA:42,0
DA:43,0
DA:45,0
DA:46,0
DA:50,0
DA:51,0
DA:53,0
DA:54,0
DA:68,0
DA:70,0
DA:71,0
DA:72,0
DA:73,0
DA:74,0
DA:76,1
DA:77,1
DA:79,1
DA:84,1
DA:85,1
DA:89,0
DA:90,0
DA:91,0
DA:92,0
DA:93,0
DA:94,0
DA:98,6
LF:51
LH:28
BRDA:13,0,0,0
BRDA:13,0,1,1
BRDA:14,1,0,1
BRDA:14,1,1,0
BRDA:15,2,0,0
BRDA:15,2,1,1
BRDA:16,3,0,0
BRDA:16,3,1,1
BRDA:16,4,0,1
BRDA:16,4,1,1
BRDA:16,4,2,0
BRDA:18,5,0,0
BRDA:18,5,1,0
BRDA:27,6,0,2
BRDA:27,6,1,1
BRDA:27,7,0,3
BRDA:27,7,1,2
BRDA:39,8,0,1
BRDA:39,8,1,0
BRDA:51,9,0,0
BRDA:51,9,1,0
BRDA:62,10,0,0
BRDA:62,10,1,0
BRDA:68,11,0,0
BRDA:68,11,1,0
BRDA:68,12,0,0
BRDA:68,12,1,0
BRDA:68,13,0,0
BRDA:68,13,1,0
BRDA:89,14,0,0
BRDA:89,14,1,0
BRDA:91,15,0,0
BRDA:91,15,1,0
BRDA:92,16,0,0
BRDA:92,16,1,0
BRDA:93,17,0,0
BRDA:93,17,1,0
BRF:37
BRH:11
end_of_record
TN:
SF:src\tracker\widget\meeting-controller.js
FN:6,createMeetingController
FN:14,loadFilters
FN:15,(anonymous_2)
FN:16,(anonymous_3)
FN:23,shouldShowEvent
FN:29,(anonymous_5)
FN:34,start
FN:36,(anonymous_7)
FN:42,stop
FN:46,fetchAndCheck
FN:53,(anonymous_10)
FN:68,checkUpcoming
FN:72,(anonymous_12)
FN:84,(anonymous_13)
FN:125,dismiss
FNF:15
FNH:14
FNDA:4,createMeetingController
FNDA:3,loadFilters
FNDA:3,(anonymous_2)
FNDA:3,(anonymous_3)
FNDA:5,shouldShowEvent
FNDA:3,(anonymous_5)
FNDA:3,start
FNDA:3,(anonymous_7)
FNDA:0,stop
FNDA:3,fetchAndCheck
FNDA:3,(anonymous_10)
FNDA:3,checkUpcoming
FNDA:3,(anonymous_12)
FNDA:2,(anonymous_13)
FNDA:1,dismiss
DA:7,4
DA:8,4
DA:9,4
DA:10,4
DA:11,4
DA:12,4
DA:15,3
DA:16,3
DA:17,3
DA:18,3
DA:24,5
DA:25,5
DA:27,3
DA:28,3
DA:29,3
DA:31,1
DA:35,3
DA:36,3
DA:37,3
DA:38,3
DA:43,0
DA:47,3
DA:48,3
DA:49,3
DA:50,3
DA:51,3
DA:52,3
DA:53,3
DA:54,3
DA:55,3
DA:56,3
DA:57,3
DA:60,0
DA:64,0
DA:69,3
DA:70,3
DA:72,3
DA:73,3
DA:74,1
DA:75,1
DA:76,1
DA:77,1
DA:78,1
DA:79,1
DA:82,3
DA:84,2
DA:85,2
DA:86,0
DA:87,0
DA:88,0
DA:90,2
DA:91,0
DA:92,0
DA:93,0
DA:94,0
DA:95,0
DA:96,0
DA:97,0
DA:98,0
DA:99,0
DA:101,2
DA:102,2
DA:104,2
DA:107,1
DA:108,1
DA:109,1
DA:110,1
DA:111,1
DA:113,1
DA:114,1
DA:115,1
DA:116,1
DA:118,1
DA:119,0
DA:121,1
DA:126,1
DA:127,0
DA:128,0
DA:129,0
DA:131,1
DA:132,1
DA:135,4
LF:82
LH:63
BRDA:17,0,0,3
BRDA:17,0,1,0
BRDA:24,1,0,5
BRDA:24,1,1,3
BRDA:25,2,0,2
BRDA:25,2,1,3
BRDA:25,3,0,5
BRDA:25,3,1,3
BRDA:27,4,0,3
BRDA:27,4,1,0
BRDA:27,4,2,0
BRDA:28,5,0,3
BRDA:28,5,1,0
BRDA:29,6,0,2
BRDA:29,6,1,1
BRDA:35,7,0,0
BRDA:35,7,1,3
BRDA:43,8,0,0
BRDA:43,8,1,0
BRDA:48,9,0,3
BRDA:48,9,1,0
BRDA:54,10,0,0
BRDA:54,10,1,3
BRDA:55,11,0,3
BRDA:55,11,1,0
BRDA:56,12,0,3
BRDA:56,12,1,0
BRDA:73,13,0,2
BRDA:73,13,1,1
BRDA:74,14,0,1
BRDA:74,14,1,0
BRDA:74,14,2,0
BRDA:75,15,0,1
BRDA:75,15,1,0
BRDA:75,15,2,0
BRDA:76,16,0,0
BRDA:76,16,1,1
BRDA:77,17,0,0
BRDA:77,17,1,1
BRDA:78,18,0,1
BRDA:78,18,1,0
BRDA:78,18,2,0
BRDA:79,19,0,1
BRDA:79,19,1,1
BRDA:79,19,2,1
BRDA:82,20,0,2
BRDA:82,20,1,1
BRDA:85,21,0,2
BRDA:85,21,1,0
BRDA:86,22,0,0
BRDA:86,22,1,0
BRDA:86,22,2,0
BRDA:87,23,0,0
BRDA:87,23,1,0
BRDA:90,24,0,0
BRDA:90,24,1,2
BRDA:91,25,0,0
BRDA:91,25,1,0
BRDA:91,25,2,0
BRDA:92,26,0,0
BRDA:92,26,1,0
BRDA:93,27,0,0
BRDA:93,27,1,0
BRDA:93,27,2,0
BRDA:95,28,0,0
BRDA:95,28,1,0
BRDA:96,29,0,0
BRDA:96,29,1,0
BRDA:107,30,0,1
BRDA:107,30,1,0
BRDA:107,30,2,0
BRDA:108,31,0,0
BRDA:108,31,1,1
BRDA:109,32,0,1
BRDA:109,32,1,0
BRDA:109,32,2,0
BRDA:115,33,0,0
BRDA:115,33,1,1
BRDA:118,34,0,0
BRDA:118,34,1,1
BRDA:126,35,0,0
BRDA:126,35,1,1
BRDA:127,36,0,0
BRDA:127,36,1,0
BRDA:127,36,2,0
BRDA:128,37,0,0
BRDA:128,37,1,0
BRDA:128,37,2,0
BRF:88
BRH:36
end_of_record
TN:
SF:src\tracker\widget\task-service.js
FN:8,isExtensionValid
FN:12,jiraFetch
FN:13,(anonymous_2)
FN:15,(anonymous_3)
FN:23,getJiraBaseUrl
FN:24,(anonymous_5)
FN:26,(anonymous_6)
FN:32,fetchTasks
FN:42,getRecentTasks
FN:43,(anonymous_9)
FN:44,(anonymous_10)
FN:50,pushRecentTask
FN:51,(anonymous_12)
FN:54,(anonymous_13)
FNF:14
FNH:14
FNDA:6,isExtensionValid
FNDA:2,jiraFetch
FNDA:2,(anonymous_2)
FNDA:2,(anonymous_3)
FNDA:2,getJiraBaseUrl
FNDA:2,(anonymous_5)
FNDA:2,(anonymous_6)
FNDA:2,fetchTasks
FNDA:2,getRecentTasks
FNDA:2,(anonymous_9)
FNDA:2,(anonymous_10)
FNDA:3,pushRecentTask
FNDA:3,(anonymous_12)
FNDA:7,(anonymous_13)
DA:4,4
DA:5,4
DA:6,4
DA:9,6
DA:13,2
DA:14,2
DA:15,2
DA:16,2
DA:17,2
DA:18,1
DA:24,2
DA:25,2
DA:26,2
DA:27,2
DA:33,2
DA:34,2
DA:39,1
DA:43,2
DA:44,2
DA:45,2
DA:51,3
DA:52,3
DA:54,7
DA:55,3
DA:56,3
DA:57,3
LF:26
LH:26
BRDA:12,0,0,0
BRDA:12,1,0,0
BRDA:14,2,0,0
BRDA:14,2,1,2
BRDA:16,3,0,0
BRDA:16,3,1,2
BRDA:17,4,0,1
BRDA:17,4,1,1
BRDA:17,5,0,2
BRDA:17,5,1,2
BRDA:17,6,0,1
BRDA:17,6,1,0
BRDA:25,7,0,0
BRDA:25,7,1,2
BRDA:27,8,0,2
BRDA:27,8,1,0
BRDA:39,9,0,1
BRDA:39,9,1,0
BRDA:45,10,0,2
BRDA:45,10,1,1
BRDA:52,11,0,3
BRDA:52,11,1,1
BRDA:55,12,0,3
BRDA:55,12,1,2
BRDA:55,13,0,3
BRDA:55,13,1,2
BRDA:56,14,0,1
BRDA:56,14,1,2
BRF:28
BRH:20
end_of_record
TN:
SF:src\tracker\widget\timer-controller.js
FN:6,createTimerController
FN:11,formatElapsed
FN:18,formatForInput
FN:26,startTickDisplay
FN:28,(anonymous_4)
FN:36,showRunning
FN:56,showIdle
FN:66,showLogForm
FN:81,startTimer
FN:83,(anonymous_9)
FN:91,stopTimer
FN:93,(anonymous_11)
FN:100,clearTimer
FN:105,checkInitialState
FN:107,(anonymous_14)
FN:114,handleStorageChange
FN:127,(anonymous_16)
FN:128,(anonymous_17)
FNF:18
FNH:10
FNDA:16,createTimerController
FNDA:4,formatElapsed
FNDA:4,formatForInput
FNDA:6,startTickDisplay
FNDA:0,(anonymous_4)
FNDA:6,showRunning
FNDA:3,showIdle
FNDA:4,showLogForm
FNDA:0,startTimer
FNDA:0,(anonymous_9)
FNDA:0,stopTimer
FNDA:0,(anonymous_11)
FNDA:0,clearTimer
FNDA:0,checkInitialState
FNDA:0,(anonymous_14)
FNDA:3,handleStorageChange
FNDA:3,(anonymous_16)
FNDA:4,(anonymous_17)
DA:7,16
DA:8,16
DA:9,16
DA:12,4
DA:13,4
DA:14,4
DA:15,4
DA:19,4
DA:20,4
DA:21,4
DA:22,3
DA:23,2
DA:27,6
DA:28,6
DA:29,0
DA:30,0
DA:31,0
DA:32,0
DA:37,6
DA:38,6
DA:39,6
DA:40,6
DA:41,6
DA:42,6
DA:43,6
DA:44,6
DA:45,6
DA:46,6
DA:47,1
DA:48,1
DA:50,5
DA:52,6
DA:53,6
DA:57,3
DA:58,3
DA:59,3
DA:60,3
DA:61,3
DA:62,3
DA:63,3
DA:67,4
DA:68,4
DA:69,4
DA:70,4
DA:71,4
DA:72,4
DA:73,4
DA:74,4
DA:75,4
DA:76,4
DA:77,4
DA:78,4
DA:82,0
DA:83,0
DA:84,0
DA:85,0
DA:86,0
DA:92,0
DA:93,0
DA:94,0
DA:95,0
DA:96,0
DA:101,0
DA:102,0
DA:106,0
DA:107,0
DA:108,0
DA:109,0
DA:110,0
DA:115,3
DA:116,2
DA:117,2
DA:118,1
DA:119,1
DA:120,1
DA:121,0
DA:122,0
DA:126,16
DA:127,3
DA:128,4
LF:80
LH:57
BRDA:21,0,0,1
BRDA:21,0,1,3
BRDA:21,1,0,4
BRDA:21,1,1,2
BRDA:22,2,0,1
BRDA:22,2,1,2
BRDA:23,3,0,2
BRDA:23,3,1,1
BRDA:27,4,0,0
BRDA:27,4,1,6
BRDA:29,5,0,0
BRDA:29,5,1,0
BRDA:32,6,0,0
BRDA:32,6,1,0
BRDA:42,7,0,6
BRDA:42,7,1,0
BRDA:43,8,0,6
BRDA:43,8,1,0
BRDA:45,9,0,6
BRDA:45,9,1,4
BRDA:46,10,0,1
BRDA:46,10,1,5
BRDA:48,11,0,1
BRDA:48,11,1,0
BRDA:53,12,0,2
BRDA:53,12,1,4
BRDA:58,13,0,2
BRDA:58,13,1,1
BRDA:63,14,0,1
BRDA:63,14,1,2
BRDA:68,15,0,0
BRDA:68,15,1,4
BRDA:75,16,0,4
BRDA:75,16,1,3
BRDA:78,17,0,0
BRDA:78,17,1,4
BRDA:81,18,0,0
BRDA:82,19,0,0
BRDA:82,19,1,0
BRDA:84,20,0,0
BRDA:84,20,1,0
BRDA:85,21,0,0
BRDA:85,21,1,0
BRDA:85,22,0,0
BRDA:85,22,1,0
BRDA:92,23,0,0
BRDA:92,23,1,0
BRDA:94,24,0,0
BRDA:94,24,1,0
BRDA:94,25,0,0
BRDA:94,25,1,0
BRDA:94,25,2,0
BRDA:96,26,0,0
BRDA:96,26,1,0
BRDA:101,27,0,0
BRDA:101,27,1,0
BRDA:106,28,0,0
BRDA:106,28,1,0
BRDA:108,29,0,0
BRDA:108,29,1,0
BRDA:109,30,0,0
BRDA:109,30,1,0
BRDA:109,31,0,0
BRDA:109,31,1,0
BRDA:115,32,0,1
BRDA:115,32,1,2
BRDA:115,33,0,3
BRDA:115,33,1,2
BRDA:117,34,0,1
BRDA:117,34,1,1
BRDA:119,35,0,1
BRDA:119,35,1,0
BRDA:121,36,0,0
BRDA:121,36,1,0
BRDA:121,37,0,0
BRDA:121,37,1,0
BRF:76
BRH:33
end_of_record
